WARNING - 2024-10-06 10:43:50 --> [DEPRECATED] Creation of dynamic property App\Controllers\Home::$db is deprecated in APPPATH\Controllers\Home.php on line 11.
 1 SYSTEMPATH\CodeIgniter.php(903): App\Controllers\Home->__construct()
 2 SYSTEMPATH\CodeIgniter.php(500): CodeIgniter\CodeIgniter->createController()
 3 SYSTEMPATH\CodeIgniter.php(355): CodeIgniter\CodeIgniter->handleRequest(null, Object(Config\Cache), false)
 4 SYSTEMPATH\Boot.php(325): CodeIgniter\CodeIgniter->run()
 5 SYSTEMPATH\Boot.php(67): CodeIgniter\Boot::runCodeIgniter(Object(CodeIgniter\CodeIgniter))
 6 FCPATH\index.php(56): CodeIgniter\Boot::bootWeb(Object(Config\Paths))
 7 SYSTEMPATH\rewrite.php(44): require_once('E:\\ci4\\ci4-job\\public\\index.php')
ERROR - 2024-10-06 10:43:54 --> Error connecting to the database: mysqli_sql_exception: No connection could be made because the target machine actively refused it in E:\ci4\ci4-job\system\Database\MySQLi\Connection.php:186
Stack trace:
#0 E:\ci4\ci4-job\system\Database\MySQLi\Connection.php(186): mysqli->real_connect('localhost', 'root', Object(SensitiveParameterValue), 'ci4_lowongan', 3306, '', 0)
#1 E:\ci4\ci4-job\system\Database\BaseConnection.php(421): CodeIgniter\Database\MySQLi\Connection->connect(false)
#2 E:\ci4\ci4-job\system\Database\BaseConnection.php(616): CodeIgniter\Database\BaseConnection->initialize()
#3 E:\ci4\ci4-job\system\Database\BaseBuilder.php(1636): CodeIgniter\Database\BaseConnection->query('SELECT *\nFROM `...', Array, false)
#4 E:\ci4\ci4-job\system\Model.php(286): CodeIgniter\Database\BaseBuilder->get()
#5 E:\ci4\ci4-job\system\BaseModel.php(676): CodeIgniter\Model->doFindAll(0, 0)
#6 E:\ci4\ci4-job\app\Controllers\Home.php(16): CodeIgniter\BaseModel->findAll()
#7 E:\ci4\ci4-job\system\CodeIgniter.php(933): App\Controllers\Home->index()
#8 E:\ci4\ci4-job\system\CodeIgniter.php(509): CodeIgniter\CodeIgniter->runController(Object(App\Controllers\Home))
#9 E:\ci4\ci4-job\system\CodeIgniter.php(355): CodeIgniter\CodeIgniter->handleRequest(NULL, Object(Config\Cache), false)
#10 E:\ci4\ci4-job\system\Boot.php(325): CodeIgniter\CodeIgniter->run()
#11 E:\ci4\ci4-job\system\Boot.php(67): CodeIgniter\Boot::runCodeIgniter(Object(CodeIgniter\CodeIgniter))
#12 E:\ci4\ci4-job\public\index.php(56): CodeIgniter\Boot::bootWeb(Object(Config\Paths))
#13 E:\ci4\ci4-job\system\rewrite.php(44): require_once('E:\\ci4\\ci4-job\\...')
#14 {main}

Next CodeIgniter\Database\Exceptions\DatabaseException: No connection could be made because the target machine actively refused it in E:\ci4\ci4-job\system\Database\MySQLi\Connection.php:231
Stack trace:
#0 E:\ci4\ci4-job\system\Database\BaseConnection.php(421): CodeIgniter\Database\MySQLi\Connection->connect(false)
#1 E:\ci4\ci4-job\system\Database\BaseConnection.php(616): CodeIgniter\Database\BaseConnection->initialize()
#2 E:\ci4\ci4-job\system\Database\BaseBuilder.php(1636): CodeIgniter\Database\BaseConnection->query('SELECT *\nFROM `...', Array, false)
#3 E:\ci4\ci4-job\system\Model.php(286): CodeIgniter\Database\BaseBuilder->get()
#4 E:\ci4\ci4-job\system\BaseModel.php(676): CodeIgniter\Model->doFindAll(0, 0)
#5 E:\ci4\ci4-job\app\Controllers\Home.php(16): CodeIgniter\BaseModel->findAll()
#6 E:\ci4\ci4-job\system\CodeIgniter.php(933): App\Controllers\Home->index()
#7 E:\ci4\ci4-job\system\CodeIgniter.php(509): CodeIgniter\CodeIgniter->runController(Object(App\Controllers\Home))
#8 E:\ci4\ci4-job\system\CodeIgniter.php(355): CodeIgniter\CodeIgniter->handleRequest(NULL, Object(Config\Cache), false)
#9 E:\ci4\ci4-job\system\Boot.php(325): CodeIgniter\CodeIgniter->run()
#10 E:\ci4\ci4-job\system\Boot.php(67): CodeIgniter\Boot::runCodeIgniter(Object(CodeIgniter\CodeIgniter))
#11 E:\ci4\ci4-job\public\index.php(56): CodeIgniter\Boot::bootWeb(Object(Config\Paths))
#12 E:\ci4\ci4-job\system\rewrite.php(44): require_once('E:\\ci4\\ci4-job\\...')
#13 {main}
CRITICAL - 2024-10-06 10:43:54 --> CodeIgniter\Database\Exceptions\DatabaseException: Unable to connect to the database.
Main connection [MySQLi]: No connection could be made because the target machine actively refused it
[Method: GET, Route: /]
in SYSTEMPATH\Database\BaseConnection.php on line 467.
 1 SYSTEMPATH\Database\BaseConnection.php(616): CodeIgniter\Database\BaseConnection->initialize()
 2 SYSTEMPATH\Database\BaseBuilder.php(1636): CodeIgniter\Database\BaseConnection->query('SELECT *
FROM `lowongans`', [], false)
 3 SYSTEMPATH\Model.php(286): CodeIgniter\Database\BaseBuilder->get()
 4 SYSTEMPATH\BaseModel.php(676): CodeIgniter\Model->doFindAll(0, 0)
 5 APPPATH\Controllers\Home.php(16): CodeIgniter\BaseModel->findAll()
 6 SYSTEMPATH\CodeIgniter.php(933): App\Controllers\Home->index()
 7 SYSTEMPATH\CodeIgniter.php(509): CodeIgniter\CodeIgniter->runController(Object(App\Controllers\Home))
 8 SYSTEMPATH\CodeIgniter.php(355): CodeIgniter\CodeIgniter->handleRequest(null, Object(Config\Cache), false)
 9 SYSTEMPATH\Boot.php(325): CodeIgniter\CodeIgniter->run()
10 SYSTEMPATH\Boot.php(67): CodeIgniter\Boot::runCodeIgniter(Object(CodeIgniter\CodeIgniter))
11 FCPATH\index.php(56): CodeIgniter\Boot::bootWeb(Object(Config\Paths))
12 SYSTEMPATH\rewrite.php(44): require_once('E:\\ci4\\ci4-job\\public\\index.php')
WARNING - 2024-10-06 10:44:20 --> [DEPRECATED] Creation of dynamic property App\Controllers\Home::$db is deprecated in APPPATH\Controllers\Home.php on line 11.
 1 SYSTEMPATH\CodeIgniter.php(903): App\Controllers\Home->__construct()
 2 SYSTEMPATH\CodeIgniter.php(500): CodeIgniter\CodeIgniter->createController()
 3 SYSTEMPATH\CodeIgniter.php(355): CodeIgniter\CodeIgniter->handleRequest(null, Object(Config\Cache), false)
 4 SYSTEMPATH\Boot.php(325): CodeIgniter\CodeIgniter->run()
 5 SYSTEMPATH\Boot.php(67): CodeIgniter\Boot::runCodeIgniter(Object(CodeIgniter\CodeIgniter))
 6 FCPATH\index.php(56): CodeIgniter\Boot::bootWeb(Object(Config\Paths))
 7 SYSTEMPATH\rewrite.php(44): require_once('E:\\ci4\\ci4-job\\public\\index.php')
INFO - 2024-10-06 10:44:24 --> Session: Class initialized using 'CodeIgniter\Session\Handlers\FileHandler' driver.
INFO - 2024-10-06 10:44:33 --> Session: Class initialized using 'CodeIgniter\Session\Handlers\FileHandler' driver.
